  visualsandide.cpp
c:\users\kdkdk\desktop\of_v20190324_vs2017_release\libs\openframeworks\math\ofmatrix4x4.h(326): warning C4267: 'argument': conversion from 'size_t' to 'int', possible loss of data
c:\users\kdkdk\desktop\of_v20190324_vs2017_release\libs\openframeworks\math\ofmatrix4x4.h(331): warning C4267: 'argument': conversion from 'size_t' to 'int', possible loss of data
c:\users\kdkdk\desktop\of_v20190324_vs2017_release\libs\openframeworks\math\ofmatrix4x4.h(912): warning C4267: 'argument': conversion from 'size_t' to 'int', possible loss of data
c:\users\kdkdk\desktop\of_v20190324_vs2017_release\libs\openframeworks\math\ofmatrix4x4.h(913): warning C4267: 'argument': conversion from 'size_t' to 'int', possible loss of data
c:\users\kdkdk\desktop\of_v20190324_vs2017_release\libs\openframeworks\math\ofmatrix4x4.h(914): warning C4267: 'argument': conversion from 'size_t' to 'int', possible loss of data
c:\users\kdkdk\desktop\of_v20190324_vs2017_release\libs\openframeworks\math\ofmatrix4x4.h(915): warning C4267: 'argument': conversion from 'size_t' to 'int', possible loss of data
c:\users\kdkdk\source\repos\puzzlescriptmiswin\puzzlescriptmiswin\src\logerror.h(6): warning C4099: 'Logger': type name first seen using 'struct' now seen using 'class'
  c:\users\kdkdk\source\repos\puzzlescriptmiswin\puzzlescriptmiswin\src\logerror.h(6): note: see declaration of 'Logger'
c:\users\kdkdk\source\repos\puzzlescriptmiswin\puzzlescriptmiswin\src\visualsandide.cpp(185): warning C4267: 'initializing': conversion from 'size_t' to 'int', possible loss of data
c:\users\kdkdk\source\repos\puzzlescriptmiswin\puzzlescriptmiswin\src\visualsandide.cpp(235): warning C4267: '=': conversion from 'size_t' to 'int', possible loss of data
c:\users\kdkdk\source\repos\puzzlescriptmiswin\puzzlescriptmiswin\src\visualsandide.cpp(237): warning C4267: '=': conversion from 'size_t' to 'int', possible loss of data
c:\users\kdkdk\source\repos\puzzlescriptmiswin\puzzlescriptmiswin\src\visualsandide.cpp(239): warning C4267: '=': conversion from 'size_t' to 'int', possible loss of data
c:\users\kdkdk\source\repos\puzzlescriptmiswin\puzzlescriptmiswin\src\visualsandide.cpp(244): warning C4267: 'initializing': conversion from 'size_t' to 'int', possible loss of data
c:\users\kdkdk\source\repos\puzzlescriptmiswin\puzzlescriptmiswin\src\visualsandide.cpp(250): warning C4267: '=': conversion from 'size_t' to 'int', possible loss of data
c:\users\kdkdk\source\repos\puzzlescriptmiswin\puzzlescriptmiswin\src\visualsandide.cpp(315): warning C4267: '=': conversion from 'size_t' to 'int', possible loss of data
c:\users\kdkdk\source\repos\puzzlescriptmiswin\puzzlescriptmiswin\src\visualsandide.cpp(428): warning C4267: 'initializing': conversion from 'size_t' to 'int', possible loss of data
c:\users\kdkdk\source\repos\puzzlescriptmiswin\puzzlescriptmiswin\src\visualsandide.cpp(443): warning C4267: '=': conversion from 'size_t' to '_Ty2', possible loss of data
          with
          [
              _Ty2=int
          ]
c:\users\kdkdk\source\repos\puzzlescriptmiswin\puzzlescriptmiswin\src\visualsandide.cpp(458): warning C4267: '=': conversion from 'size_t' to '_Ty1', possible loss of data
          with
          [
              _Ty1=int
          ]
c:\users\kdkdk\source\repos\puzzlescriptmiswin\puzzlescriptmiswin\src\visualsandide.cpp(459): warning C4267: '=': conversion from 'size_t' to '_Ty2', possible loss of data
          with
          [
              _Ty2=int
          ]
c:\users\kdkdk\source\repos\puzzlescriptmiswin\puzzlescriptmiswin\src\visualsandide.cpp(477): warning C4267: 'initializing': conversion from 'size_t' to 'int', possible loss of data
c:\users\kdkdk\source\repos\puzzlescriptmiswin\puzzlescriptmiswin\src\visualsandide.cpp(485): warning C4267: 'initializing': conversion from 'size_t' to 'int', possible loss of data
c:\users\kdkdk\source\repos\puzzlescriptmiswin\puzzlescriptmiswin\src\visualsandide.cpp(501): warning C4267: 'initializing': conversion from 'size_t' to 'int', possible loss of data
c:\users\kdkdk\source\repos\puzzlescriptmiswin\puzzlescriptmiswin\src\visualsandide.cpp(1138): warning C4267: '=': conversion from 'size_t' to '_Ty2', possible loss of data
          with
          [
              _Ty2=int
          ]
c:\users\kdkdk\source\repos\puzzlescriptmiswin\puzzlescriptmiswin\src\visualsandide.cpp(1151): warning C4267: '=': conversion from 'size_t' to '_Ty2', possible loss of data
          with
          [
              _Ty2=int
          ]
c:\users\kdkdk\source\repos\puzzlescriptmiswin\puzzlescriptmiswin\src\visualsandide.cpp(1170): warning C4267: '=': conversion from 'size_t' to '_Ty2', possible loss of data
          with
          [
              _Ty2=int
          ]
c:\users\kdkdk\source\repos\puzzlescriptmiswin\puzzlescriptmiswin\src\visualsandide.cpp(1181): warning C4267: '=': conversion from 'size_t' to '_Ty2', possible loss of data
          with
          [
              _Ty2=int
          ]
c:\users\kdkdk\source\repos\puzzlescriptmiswin\puzzlescriptmiswin\src\visualsandide.cpp(1208): warning C4267: '=': conversion from 'size_t' to '_Ty2', possible loss of data
          with
          [
              _Ty2=int
          ]
c:\program files (x86)\microsoft visual studio\2017\community\vc\tools\msvc\14.15.26726\include\utility(174): warning C4267: 'initializing': conversion from 'size_t' to '_Ty2', possible loss of data
          with
          [
              _Ty2=int
          ]
  c:\users\kdkdk\source\repos\puzzlescriptmiswin\puzzlescriptmiswin\src\visualsandide.cpp(1205): note: see reference to function template instantiation 'std::pair<int,int>::pair<_Ty1&,unsigned __int64,0>(_Other1,_Other2 &&) noexcept' being compiled
          with
          [
              _Ty1=int,
              _Other1=int &,
              _Other2=unsigned __int64
          ]
  c:\users\kdkdk\source\repos\puzzlescriptmiswin\puzzlescriptmiswin\src\visualsandide.cpp(1205): note: see reference to function template instantiation 'std::pair<int,int>::pair<_Ty1&,unsigned __int64,0>(_Other1,_Other2 &&) noexcept' being compiled
          with
          [
              _Ty1=int,
              _Other1=int &,
              _Other2=unsigned __int64
          ]
     Creating library bin\puzzlescriptmiswin.lib and object bin\puzzlescriptmiswin.exp
  LINK : /LTCG specified but no code generation required; remove /LTCG from the link command line to improve linker performance
  puzzlescriptmiswin.vcxproj -> C:\Users\kdkdk\source\repos\puzzlescriptmiswin\puzzlescriptmiswin\bin\puzzlescriptmiswin.exe
  
  	                   2	C:\Users\kdkdk\Desktop\of_v20190324_vs2017_release\libs\fmodex\lib\vs\x64\
  	  *EXTRA File 		 6942208	C:\Users\kdkdk\source\repos\puzzlescriptmiswin\puzzlescriptmiswin\bin\FreeImage.dll
  
  	                   1	C:\Users\kdkdk\Desktop\of_v20190324_vs2017_release\libs\FreeImage\lib\vs\x64\
  	  *EXTRA File 		 1503232	C:\Users\kdkdk\source\repos\puzzlescriptmiswin\puzzlescriptmiswin\bin\fmodex64.dll
  	  *EXTRA File 		 1552384	C:\Users\kdkdk\source\repos\puzzlescriptmiswin\puzzlescriptmiswin\bin\fmodexL64.dll
